<?xml version="1.0" encoding="UTF-8"?>
<robot generator="Robot 6.1.1 (Python 3.11.6 on darwin)" generated="20231120 21:51:30.040" rpa="false" schemaversion="4">
<suite id="s1" name="Tests" source="/Users/yytsi/Desktop/code/koulu/ohtu/palautusrepositorio/viikko3/web-login/src/tests">
<suite id="s1-s1" name="Home" source="/Users/yytsi/Desktop/code/koulu/ohtu/palautusrepositorio/viikko3/web-login/src/tests/home.robot">
<kw name="Open And Configure Browser" library="resource" type="SETUP">
<kw name="Evaluate" library="BuiltIn">
<var>${options}</var>
<arg>sys.modules['selenium.webdriver'].FirefoxOptions()</arg>
<arg>sys</arg>
<doc>Evaluates the given expression in Python and returns the result.</doc>
<msg timestamp="20231120 21:51:30.111" level="INFO">${options} = &lt;selenium.webdriver.firefox.options.Options object at 0x1065983d0&gt;</msg>
<status status="PASS" starttime="20231120 21:51:30.111" endtime="20231120 21:51:30.111"/>
</kw>
<kw name="Call Method" library="BuiltIn">
<arg>${options}</arg>
<arg>add_argument</arg>
<arg>--headless</arg>
<doc>Calls the named method of the given object with the provided arguments.</doc>
<status status="PASS" starttime="20231120 21:51:30.111" endtime="20231120 21:51:30.111"/>
</kw>
<kw name="Open Browser" library="SeleniumLibrary">
<arg>browser=firefox</arg>
<arg>options=${options}</arg>
<doc>Opens a new browser instance to the optional ``url``.</doc>
<msg timestamp="20231120 21:51:30.112" level="INFO">Opening browser 'firefox' to base url 'None'.</msg>
<status status="PASS" starttime="20231120 21:51:30.112" endtime="20231120 21:51:32.372"/>
</kw>
<kw name="Set Selenium Speed" library="SeleniumLibrary">
<arg>${DELAY}</arg>
<doc>Sets the delay that is waited after each Selenium command.</doc>
<status status="PASS" starttime="20231120 21:51:32.372" endtime="20231120 21:51:32.372"/>
</kw>
<status status="PASS" starttime="20231120 21:51:30.111" endtime="20231120 21:51:32.372"/>
</kw>
<test id="s1-s1-t1" name="Click Login Link" line="8">
<kw name="Go To Starting Page" library="resource" type="SETUP">
<kw name="Go To" library="SeleniumLibrary">
<arg>${HOME_URL}</arg>
<doc>Navigates the current browser window to the provided ``url``.</doc>
<msg timestamp="20231120 21:51:32.373" level="INFO">Opening url 'http://localhost:5001'</msg>
<status status="PASS" starttime="20231120 21:51:32.373" endtime="20231120 21:51:32.548"/>
</kw>
<status status="PASS" starttime="20231120 21:51:32.373" endtime="20231120 21:51:32.548"/>
</kw>
<kw name="Click Link" library="SeleniumLibrary">
<arg>Login</arg>
<doc>Clicks a link identified by ``locator``.</doc>
<msg timestamp="20231120 21:51:32.548" level="INFO">Clicking link 'Login'.</msg>
<status status="PASS" starttime="20231120 21:51:32.548" endtime="20231120 21:51:32.628"/>
</kw>
<kw name="Login Page Should Be Open" library="resource">
<kw name="Title Should Be" library="SeleniumLibrary">
<arg>Login</arg>
<doc>Verifies that the current page title equals ``title``.</doc>
<msg timestamp="20231120 21:51:32.631" level="INFO">Page title is 'Login'.</msg>
<status status="PASS" starttime="20231120 21:51:32.628" endtime="20231120 21:51:32.631"/>
</kw>
<status status="PASS" starttime="20231120 21:51:32.628" endtime="20231120 21:51:32.631"/>
</kw>
<status status="PASS" starttime="20231120 21:51:32.373" endtime="20231120 21:51:32.631"/>
</test>
<test id="s1-s1-t2" name="Click Register Link" line="12">
<kw name="Go To Starting Page" library="resource" type="SETUP">
<kw name="Go To" library="SeleniumLibrary">
<arg>${HOME_URL}</arg>
<doc>Navigates the current browser window to the provided ``url``.</doc>
<msg timestamp="20231120 21:51:32.632" level="INFO">Opening url 'http://localhost:5001'</msg>
<status status="PASS" starttime="20231120 21:51:32.632" endtime="20231120 21:51:32.653"/>
</kw>
<status status="PASS" starttime="20231120 21:51:32.632" endtime="20231120 21:51:32.653"/>
</kw>
<kw name="Click Link" library="SeleniumLibrary">
<arg>Register new user</arg>
<doc>Clicks a link identified by ``locator``.</doc>
<msg timestamp="20231120 21:51:32.653" level="INFO">Clicking link 'Register new user'.</msg>
<status status="PASS" starttime="20231120 21:51:32.653" endtime="20231120 21:51:32.691"/>
</kw>
<kw name="Register Page Should Be Open" library="resource">
<kw name="Title Should Be" library="SeleniumLibrary">
<arg>Register</arg>
<doc>Verifies that the current page title equals ``title``.</doc>
<msg timestamp="20231120 21:51:32.693" level="INFO">Page title is 'Register'.</msg>
<status status="PASS" starttime="20231120 21:51:32.691" endtime="20231120 21:51:32.693"/>
</kw>
<status status="PASS" starttime="20231120 21:51:32.691" endtime="20231120 21:51:32.693"/>
</kw>
<status status="PASS" starttime="20231120 21:51:32.631" endtime="20231120 21:51:32.693"/>
</test>
<kw name="Close Browser" library="SeleniumLibrary" type="TEARDOWN">
<doc>Closes the current browser.</doc>
<status status="PASS" starttime="20231120 21:51:32.694" endtime="20231120 21:51:34.259"/>
</kw>
<status status="PASS" starttime="20231120 21:51:30.047" endtime="20231120 21:51:34.259"/>
</suite>
<suite id="s1-s2" name="Login" source="/Users/yytsi/Desktop/code/koulu/ohtu/palautusrepositorio/viikko3/web-login/src/tests/login.robot">
<kw name="Open And Configure Browser" library="resource" type="SETUP">
<kw name="Evaluate" library="BuiltIn">
<var>${options}</var>
<arg>sys.modules['selenium.webdriver'].FirefoxOptions()</arg>
<arg>sys</arg>
<doc>Evaluates the given expression in Python and returns the result.</doc>
<msg timestamp="20231120 21:51:34.262" level="INFO">${options} = &lt;selenium.webdriver.firefox.options.Options object at 0x106742b50&gt;</msg>
<status status="PASS" starttime="20231120 21:51:34.262" endtime="20231120 21:51:34.262"/>
</kw>
<kw name="Call Method" library="BuiltIn">
<arg>${options}</arg>
<arg>add_argument</arg>
<arg>--headless</arg>
<doc>Calls the named method of the given object with the provided arguments.</doc>
<status status="PASS" starttime="20231120 21:51:34.262" endtime="20231120 21:51:34.262"/>
</kw>
<kw name="Open Browser" library="SeleniumLibrary">
<arg>browser=firefox</arg>
<arg>options=${options}</arg>
<doc>Opens a new browser instance to the optional ``url``.</doc>
<msg timestamp="20231120 21:51:34.263" level="INFO">Opening browser 'firefox' to base url 'None'.</msg>
<status status="PASS" starttime="20231120 21:51:34.262" endtime="20231120 21:51:36.615"/>
</kw>
<kw name="Set Selenium Speed" library="SeleniumLibrary">
<arg>${DELAY}</arg>
<doc>Sets the delay that is waited after each Selenium command.</doc>
<status status="PASS" starttime="20231120 21:51:36.615" endtime="20231120 21:51:36.616"/>
</kw>
<status status="PASS" starttime="20231120 21:51:34.262" endtime="20231120 21:51:36.616"/>
</kw>
<test id="s1-s2-t1" name="Login With Correct Credentials" line="8">
<kw name="Create User And Go To Login Page" type="SETUP">
<kw name="Create User" library="AppLibrary">
<arg>kalle</arg>
<arg>kalle123</arg>
<status status="PASS" starttime="20231120 21:51:36.616" endtime="20231120 21:51:36.621"/>
</kw>
<kw name="Go To Login Page" library="resource">
<kw name="Go To" library="SeleniumLibrary">
<arg>${LOGIN_URL}</arg>
<doc>Navigates the current browser window to the provided ``url``.</doc>
<msg timestamp="20231120 21:51:36.622" level="INFO">Opening url 'http://localhost:5001/login'</msg>
<status status="PASS" starttime="20231120 21:51:36.622" endtime="20231120 21:51:36.809"/>
</kw>
<status status="PASS" starttime="20231120 21:51:36.622" endtime="20231120 21:51:36.809"/>
</kw>
<kw name="Login Page Should Be Open" library="resource">
<kw name="Title Should Be" library="SeleniumLibrary">
<arg>Login</arg>
<doc>Verifies that the current page title equals ``title``.</doc>
<msg timestamp="20231120 21:51:36.812" level="INFO">Page title is 'Login'.</msg>
<status status="PASS" starttime="20231120 21:51:36.810" endtime="20231120 21:51:36.812"/>
</kw>
<status status="PASS" starttime="20231120 21:51:36.809" endtime="20231120 21:51:36.812"/>
</kw>
<status status="PASS" starttime="20231120 21:51:36.616" endtime="20231120 21:51:36.812"/>
</kw>
<kw name="Set Username">
<arg>kalle</arg>
<kw name="Input Text" library="SeleniumLibrary">
<arg>username</arg>
<arg>${username}</arg>
<doc>Types the given ``text`` into the text field identified by ``locator``.</doc>
<msg timestamp="20231120 21:51:36.812" level="INFO">Typing text 'kalle' into text field 'username'.</msg>
<status status="PASS" starttime="20231120 21:51:36.812" endtime="20231120 21:51:36.900"/>
</kw>
<status status="PASS" starttime="20231120 21:51:36.812" endtime="20231120 21:51:36.900"/>
</kw>
<kw name="Set Password">
<arg>kalle123</arg>
<kw name="Input Password" library="SeleniumLibrary">
<arg>password</arg>
<arg>${password}</arg>
<doc>Types the given password into the text field identified by ``locator``.</doc>
<msg timestamp="20231120 21:51:36.900" level="INFO">Typing password into text field 'password'.</msg>
<msg timestamp="20231120 21:51:36.906" level="INFO">Temporally setting log level to: NONE</msg>
<msg timestamp="20231120 21:51:36.914" level="INFO">Log level changed from NONE to INFO.</msg>
<status status="PASS" starttime="20231120 21:51:36.900" endtime="20231120 21:51:36.914"/>
</kw>
<status status="PASS" starttime="20231120 21:51:36.900" endtime="20231120 21:51:36.914"/>
</kw>
<kw name="Submit Credentials">
<kw name="Click Button" library="SeleniumLibrary">
<arg>Login</arg>
<doc>Clicks the button identified by ``locator``.</doc>
<msg timestamp="20231120 21:51:36.915" level="INFO">Clicking button 'Login'.</msg>
<status status="PASS" starttime="20231120 21:51:36.915" endtime="20231120 21:51:36.946"/>
</kw>
<status status="PASS" starttime="20231120 21:51:36.914" endtime="20231120 21:51:36.946"/>
</kw>
<kw name="Login Should Succeed">
<kw name="Main Page Should Be Open" library="resource">
<kw name="Title Should Be" library="SeleniumLibrary">
<arg>Ohtu Application main page</arg>
<doc>Verifies that the current page title equals ``title``.</doc>
<msg timestamp="20231120 21:51:36.947" level="INFO">Page title is 'Ohtu Application main page'.</msg>
<status status="PASS" starttime="20231120 21:51:36.946" endtime="20231120 21:51:36.947"/>
</kw>
<status status="PASS" starttime="20231120 21:51:36.946" endtime="20231120 21:51:36.947"/>
</kw>
<status status="PASS" starttime="20231120 21:51:36.946" endtime="20231120 21:51:36.947"/>
</kw>
<status status="PASS" starttime="20231120 21:51:36.616" endtime="20231120 21:51:36.947"/>
</test>
<test id="s1-s2-t2" name="Login With Incorrect Password" line="14">
<kw name="Create User And Go To Login Page" type="SETUP">
<kw name="Create User" library="AppLibrary">
<arg>kalle</arg>
<arg>kalle123</arg>
<status status="PASS" starttime="20231120 21:51:36.948" endtime="20231120 21:51:36.952"/>
</kw>
<kw name="Go To Login Page" library="resource">
<kw name="Go To" library="SeleniumLibrary">
<arg>${LOGIN_URL}</arg>
<doc>Navigates the current browser window to the provided ``url``.</doc>
<msg timestamp="20231120 21:51:36.952" level="INFO">Opening url 'http://localhost:5001/login'</msg>
<status status="PASS" starttime="20231120 21:51:36.952" endtime="20231120 21:51:36.970"/>
</kw>
<status status="PASS" starttime="20231120 21:51:36.952" endtime="20231120 21:51:36.970"/>
</kw>
<kw name="Login Page Should Be Open" library="resource">
<kw name="Title Should Be" library="SeleniumLibrary">
<arg>Login</arg>
<doc>Verifies that the current page title equals ``title``.</doc>
<msg timestamp="20231120 21:51:36.971" level="INFO">Page title is 'Login'.</msg>
<status status="PASS" starttime="20231120 21:51:36.970" endtime="20231120 21:51:36.972"/>
</kw>
<status status="PASS" starttime="20231120 21:51:36.970" endtime="20231120 21:51:36.972"/>
</kw>
<status status="PASS" starttime="20231120 21:51:36.948" endtime="20231120 21:51:36.972"/>
</kw>
<kw name="Set Username">
<arg>kalle</arg>
<kw name="Input Text" library="SeleniumLibrary">
<arg>username</arg>
<arg>${username}</arg>
<doc>Types the given ``text`` into the text field identified by ``locator``.</doc>
<msg timestamp="20231120 21:51:36.972" level="INFO">Typing text 'kalle' into text field 'username'.</msg>
<status status="PASS" starttime="20231120 21:51:36.972" endtime="20231120 21:51:36.990"/>
</kw>
<status status="PASS" starttime="20231120 21:51:36.972" endtime="20231120 21:51:36.990"/>
</kw>
<kw name="Set Password">
<arg>kalle456</arg>
<kw name="Input Password" library="SeleniumLibrary">
<arg>password</arg>
<arg>${password}</arg>
<doc>Types the given password into the text field identified by ``locator``.</doc>
<msg timestamp="20231120 21:51:36.991" level="INFO">Typing password into text field 'password'.</msg>
<msg timestamp="20231120 21:51:36.994" level="INFO">Temporally setting log level to: NONE</msg>
<msg timestamp="20231120 21:51:36.998" level="INFO">Log level changed from NONE to INFO.</msg>
<status status="PASS" starttime="20231120 21:51:36.990" endtime="20231120 21:51:36.998"/>
</kw>
<status status="PASS" starttime="20231120 21:51:36.990" endtime="20231120 21:51:36.998"/>
</kw>
<kw name="Submit Credentials">
<kw name="Click Button" library="SeleniumLibrary">
<arg>Login</arg>
<doc>Clicks the button identified by ``locator``.</doc>
<msg timestamp="20231120 21:51:36.999" level="INFO">Clicking button 'Login'.</msg>
<status status="PASS" starttime="20231120 21:51:36.998" endtime="20231120 21:51:37.020"/>
</kw>
<status status="PASS" starttime="20231120 21:51:36.998" endtime="20231120 21:51:37.020"/>
</kw>
<kw name="Login Should Fail With Message">
<arg>Invalid username or password</arg>
<kw name="Login Page Should Be Open" library="resource">
<kw name="Title Should Be" library="SeleniumLibrary">
<arg>Login</arg>
<doc>Verifies that the current page title equals ``title``.</doc>
<msg timestamp="20231120 21:51:37.021" level="INFO">Page title is 'Login'.</msg>
<status status="PASS" starttime="20231120 21:51:37.020" endtime="20231120 21:51:37.021"/>
</kw>
<status status="PASS" starttime="20231120 21:51:37.020" endtime="20231120 21:51:37.021"/>
</kw>
<kw name="Page Should Contain" library="SeleniumLibrary">
<arg>${message}</arg>
<doc>Verifies that current page contains ``text``.</doc>
<msg timestamp="20231120 21:51:37.024" level="INFO">Current page contains text 'Invalid username or password'.</msg>
<status status="PASS" starttime="20231120 21:51:37.021" endtime="20231120 21:51:37.024"/>
</kw>
<status status="PASS" starttime="20231120 21:51:37.020" endtime="20231120 21:51:37.024"/>
</kw>
<status status="PASS" starttime="20231120 21:51:36.948" endtime="20231120 21:51:37.024"/>
</test>
<test id="s1-s2-t3" name="Login With Nonexistent Username" line="20">
<kw name="Create User And Go To Login Page" type="SETUP">
<kw name="Create User" library="AppLibrary">
<arg>kalle</arg>
<arg>kalle123</arg>
<status status="PASS" starttime="20231120 21:51:37.024" endtime="20231120 21:51:37.029"/>
</kw>
<kw name="Go To Login Page" library="resource">
<kw name="Go To" library="SeleniumLibrary">
<arg>${LOGIN_URL}</arg>
<doc>Navigates the current browser window to the provided ``url``.</doc>
<msg timestamp="20231120 21:51:37.030" level="INFO">Opening url 'http://localhost:5001/login'</msg>
<status status="PASS" starttime="20231120 21:51:37.030" endtime="20231120 21:51:37.040"/>
</kw>
<status status="PASS" starttime="20231120 21:51:37.030" endtime="20231120 21:51:37.040"/>
</kw>
<kw name="Login Page Should Be Open" library="resource">
<kw name="Title Should Be" library="SeleniumLibrary">
<arg>Login</arg>
<doc>Verifies that the current page title equals ``title``.</doc>
<msg timestamp="20231120 21:51:37.046" level="INFO">Page title is 'Login'.</msg>
<status status="PASS" starttime="20231120 21:51:37.041" endtime="20231120 21:51:37.046"/>
</kw>
<status status="PASS" starttime="20231120 21:51:37.040" endtime="20231120 21:51:37.046"/>
</kw>
<status status="PASS" starttime="20231120 21:51:37.024" endtime="20231120 21:51:37.046"/>
</kw>
<kw name="Set Username">
<arg>kallam</arg>
<kw name="Input Text" library="SeleniumLibrary">
<arg>username</arg>
<arg>${username}</arg>
<doc>Types the given ``text`` into the text field identified by ``locator``.</doc>
<msg timestamp="20231120 21:51:37.046" level="INFO">Typing text 'kallam' into text field 'username'.</msg>
<status status="PASS" starttime="20231120 21:51:37.046" endtime="20231120 21:51:37.065"/>
</kw>
<status status="PASS" starttime="20231120 21:51:37.046" endtime="20231120 21:51:37.065"/>
</kw>
<kw name="Set Password">
<arg>shiba</arg>
<kw name="Input Password" library="SeleniumLibrary">
<arg>password</arg>
<arg>${password}</arg>
<doc>Types the given password into the text field identified by ``locator``.</doc>
<msg timestamp="20231120 21:51:37.065" level="INFO">Typing password into text field 'password'.</msg>
<msg timestamp="20231120 21:51:37.069" level="INFO">Temporally setting log level to: NONE</msg>
<msg timestamp="20231120 21:51:37.072" level="INFO">Log level changed from NONE to INFO.</msg>
<status status="PASS" starttime="20231120 21:51:37.065" endtime="20231120 21:51:37.072"/>
</kw>
<status status="PASS" starttime="20231120 21:51:37.065" endtime="20231120 21:51:37.072"/>
</kw>
<kw name="Submit Credentials">
<kw name="Click Button" library="SeleniumLibrary">
<arg>Login</arg>
<doc>Clicks the button identified by ``locator``.</doc>
<msg timestamp="20231120 21:51:37.072" level="INFO">Clicking button 'Login'.</msg>
<status status="PASS" starttime="20231120 21:51:37.072" endtime="20231120 21:51:37.101"/>
</kw>
<status status="PASS" starttime="20231120 21:51:37.072" endtime="20231120 21:51:37.101"/>
</kw>
<kw name="Login Should Fail With Message">
<arg>Invalid username or password</arg>
<kw name="Login Page Should Be Open" library="resource">
<kw name="Title Should Be" library="SeleniumLibrary">
<arg>Login</arg>
<doc>Verifies that the current page title equals ``title``.</doc>
<msg timestamp="20231120 21:51:37.102" level="INFO">Page title is 'Login'.</msg>
<status status="PASS" starttime="20231120 21:51:37.101" endtime="20231120 21:51:37.102"/>
</kw>
<status status="PASS" starttime="20231120 21:51:37.101" endtime="20231120 21:51:37.102"/>
</kw>
<kw name="Page Should Contain" library="SeleniumLibrary">
<arg>${message}</arg>
<doc>Verifies that current page contains ``text``.</doc>
<msg timestamp="20231120 21:51:37.105" level="INFO">Current page contains text 'Invalid username or password'.</msg>
<status status="PASS" starttime="20231120 21:51:37.102" endtime="20231120 21:51:37.105"/>
</kw>
<status status="PASS" starttime="20231120 21:51:37.101" endtime="20231120 21:51:37.105"/>
</kw>
<status status="PASS" starttime="20231120 21:51:37.024" endtime="20231120 21:51:37.105"/>
</test>
<kw name="Close Browser" library="SeleniumLibrary" type="TEARDOWN">
<doc>Closes the current browser.</doc>
<status status="PASS" starttime="20231120 21:51:37.105" endtime="20231120 21:51:38.574"/>
</kw>
<status status="PASS" starttime="20231120 21:51:34.260" endtime="20231120 21:51:38.574"/>
</suite>
<suite id="s1-s3" name="Register" source="/Users/yytsi/Desktop/code/koulu/ohtu/palautusrepositorio/viikko3/web-login/src/tests/register.robot">
<kw name="Open And Configure Browser" library="resource" type="SETUP">
<kw name="Evaluate" library="BuiltIn">
<var>${options}</var>
<arg>sys.modules['selenium.webdriver'].FirefoxOptions()</arg>
<arg>sys</arg>
<doc>Evaluates the given expression in Python and returns the result.</doc>
<msg timestamp="20231120 21:51:38.581" level="INFO">${options} = &lt;selenium.webdriver.firefox.options.Options object at 0x106742f90&gt;</msg>
<status status="PASS" starttime="20231120 21:51:38.581" endtime="20231120 21:51:38.581"/>
</kw>
<kw name="Call Method" library="BuiltIn">
<arg>${options}</arg>
<arg>add_argument</arg>
<arg>--headless</arg>
<doc>Calls the named method of the given object with the provided arguments.</doc>
<status status="PASS" starttime="20231120 21:51:38.581" endtime="20231120 21:51:38.581"/>
</kw>
<kw name="Open Browser" library="SeleniumLibrary">
<arg>browser=firefox</arg>
<arg>options=${options}</arg>
<doc>Opens a new browser instance to the optional ``url``.</doc>
<msg timestamp="20231120 21:51:38.581" level="INFO">Opening browser 'firefox' to base url 'None'.</msg>
<status status="PASS" starttime="20231120 21:51:38.581" endtime="20231120 21:51:40.786"/>
</kw>
<kw name="Set Selenium Speed" library="SeleniumLibrary">
<arg>${DELAY}</arg>
<doc>Sets the delay that is waited after each Selenium command.</doc>
<status status="PASS" starttime="20231120 21:51:40.787" endtime="20231120 21:51:40.787"/>
</kw>
<status status="PASS" starttime="20231120 21:51:38.580" endtime="20231120 21:51:40.787"/>
</kw>
<test id="s1-s3-t1" name="Register With Valid Username And Password" line="11">
<kw name="Go To Starting Page" library="resource" type="SETUP">
<kw name="Go To" library="SeleniumLibrary">
<arg>${HOME_URL}</arg>
<doc>Navigates the current browser window to the provided ``url``.</doc>
<msg timestamp="20231120 21:51:40.787" level="INFO">Opening url 'http://localhost:5001'</msg>
<status status="PASS" starttime="20231120 21:51:40.787" endtime="20231120 21:51:40.962"/>
</kw>
<status status="PASS" starttime="20231120 21:51:40.787" endtime="20231120 21:51:40.962"/>
</kw>
<kw name="Go To Register Page" library="resource">
<kw name="Go To" library="SeleniumLibrary">
<arg>${REGISTER_URL}</arg>
<doc>Navigates the current browser window to the provided ``url``.</doc>
<msg timestamp="20231120 21:51:40.962" level="INFO">Opening url 'http://localhost:5001/register'</msg>
<status status="PASS" starttime="20231120 21:51:40.962" endtime="20231120 21:51:41.019"/>
</kw>
<kw name="Register Page Should Be Open" library="resource">
<kw name="Title Should Be" library="SeleniumLibrary">
<arg>Register</arg>
<doc>Verifies that the current page title equals ``title``.</doc>
<msg timestamp="20231120 21:51:41.020" level="INFO">Page title is 'Register'.</msg>
<status status="PASS" starttime="20231120 21:51:41.019" endtime="20231120 21:51:41.020"/>
</kw>
<status status="PASS" starttime="20231120 21:51:41.019" endtime="20231120 21:51:41.020"/>
</kw>
<status status="PASS" starttime="20231120 21:51:40.962" endtime="20231120 21:51:41.020"/>
</kw>
<kw name="Set Username" library="resource">
<arg>userduser</arg>
<kw name="Input Text" library="SeleniumLibrary">
<arg>username</arg>
<arg>${username}</arg>
<doc>Types the given ``text`` into the text field identified by ``locator``.</doc>
<msg timestamp="20231120 21:51:41.021" level="INFO">Typing text 'userduser' into text field 'username'.</msg>
<status status="PASS" starttime="20231120 21:51:41.020" endtime="20231120 21:51:41.094"/>
</kw>
<status status="PASS" starttime="20231120 21:51:41.020" endtime="20231120 21:51:41.094"/>
</kw>
<kw name="Set Password" library="resource">
<arg>ValidPassword42!</arg>
<kw name="Input Password" library="SeleniumLibrary">
<arg>password</arg>
<arg>${password}</arg>
<doc>Types the given password into the text field identified by ``locator``.</doc>
<msg timestamp="20231120 21:51:41.095" level="INFO">Typing password into text field 'password'.</msg>
<msg timestamp="20231120 21:51:41.101" level="INFO">Temporally setting log level to: NONE</msg>
<msg timestamp="20231120 21:51:41.111" level="INFO">Log level changed from NONE to INFO.</msg>
<status status="PASS" starttime="20231120 21:51:41.095" endtime="20231120 21:51:41.111"/>
</kw>
<status status="PASS" starttime="20231120 21:51:41.094" endtime="20231120 21:51:41.111"/>
</kw>
<kw name="Set Password Confirmation" library="resource">
<arg>ValidPassword42!</arg>
<kw name="Input Password" library="SeleniumLibrary">
<arg>password_confirmation</arg>
<arg>${password}</arg>
<doc>Types the given password into the text field identified by ``locator``.</doc>
<msg timestamp="20231120 21:51:41.111" level="INFO">Typing password into text field 'password_confirmation'.</msg>
<msg timestamp="20231120 21:51:41.117" level="INFO">Temporally setting log level to: NONE</msg>
<msg timestamp="20231120 21:51:41.123" level="INFO">Log level changed from NONE to INFO.</msg>
<status status="PASS" starttime="20231120 21:51:41.111" endtime="20231120 21:51:41.123"/>
</kw>
<status status="PASS" starttime="20231120 21:51:41.111" endtime="20231120 21:51:41.123"/>
</kw>
<kw name="Submit Registration">
<kw name="Click Button" library="SeleniumLibrary">
<arg>Register</arg>
<doc>Clicks the button identified by ``locator``.</doc>
<msg timestamp="20231120 21:51:41.123" level="INFO">Clicking button 'Register'.</msg>
<status status="PASS" starttime="20231120 21:51:41.123" endtime="20231120 21:51:41.165"/>
</kw>
<status status="PASS" starttime="20231120 21:51:41.123" endtime="20231120 21:51:41.165"/>
</kw>
<kw name="Registration Should Succeed">
<kw name="Welcome Page Should Be Open">
<kw name="Title Should Be" library="SeleniumLibrary">
<arg>Welcome to Ohtu Application!</arg>
<doc>Verifies that the current page title equals ``title``.</doc>
<msg timestamp="20231120 21:51:41.170" level="INFO">Page title is 'Welcome to Ohtu Application!'.</msg>
<status status="PASS" starttime="20231120 21:51:41.166" endtime="20231120 21:51:41.170"/>
</kw>
<status status="PASS" starttime="20231120 21:51:41.165" endtime="20231120 21:51:41.170"/>
</kw>
<status status="PASS" starttime="20231120 21:51:41.165" endtime="20231120 21:51:41.170"/>
</kw>
<kw name="Reset Application State" library="resource" type="TEARDOWN">
<kw name="Reset Application" library="AppLibrary">
<status status="PASS" starttime="20231120 21:51:41.170" endtime="20231120 21:51:41.176"/>
</kw>
<status status="PASS" starttime="20231120 21:51:41.170" endtime="20231120 21:51:41.176"/>
</kw>
<status status="PASS" starttime="20231120 21:51:40.787" endtime="20231120 21:51:41.176"/>
</test>
<test id="s1-s3-t2" name="Register With Too Short Username And Valid Password" line="19">
<kw name="Go To Starting Page" library="resource" type="SETUP">
<kw name="Go To" library="SeleniumLibrary">
<arg>${HOME_URL}</arg>
<doc>Navigates the current browser window to the provided ``url``.</doc>
<msg timestamp="20231120 21:51:41.177" level="INFO">Opening url 'http://localhost:5001'</msg>
<status status="PASS" starttime="20231120 21:51:41.176" endtime="20231120 21:51:41.205"/>
</kw>
<status status="PASS" starttime="20231120 21:51:41.176" endtime="20231120 21:51:41.205"/>
</kw>
<kw name="Go To Register Page" library="resource">
<kw name="Go To" library="SeleniumLibrary">
<arg>${REGISTER_URL}</arg>
<doc>Navigates the current browser window to the provided ``url``.</doc>
<msg timestamp="20231120 21:51:41.206" level="INFO">Opening url 'http://localhost:5001/register'</msg>
<status status="PASS" starttime="20231120 21:51:41.205" endtime="20231120 21:51:41.234"/>
</kw>
<kw name="Register Page Should Be Open" library="resource">
<kw name="Title Should Be" library="SeleniumLibrary">
<arg>Register</arg>
<doc>Verifies that the current page title equals ``title``.</doc>
<msg timestamp="20231120 21:51:41.235" level="INFO">Page title is 'Register'.</msg>
<status status="PASS" starttime="20231120 21:51:41.234" endtime="20231120 21:51:41.235"/>
</kw>
<status status="PASS" starttime="20231120 21:51:41.234" endtime="20231120 21:51:41.235"/>
</kw>
<status status="PASS" starttime="20231120 21:51:41.205" endtime="20231120 21:51:41.235"/>
</kw>
<kw name="Set Username" library="resource">
<arg>ab</arg>
<kw name="Input Text" library="SeleniumLibrary">
<arg>username</arg>
<arg>${username}</arg>
<doc>Types the given ``text`` into the text field identified by ``locator``.</doc>
<msg timestamp="20231120 21:51:41.236" level="INFO">Typing text 'ab' into text field 'username'.</msg>
<status status="PASS" starttime="20231120 21:51:41.235" endtime="20231120 21:51:41.256"/>
</kw>
<status status="PASS" starttime="20231120 21:51:41.235" endtime="20231120 21:51:41.256"/>
</kw>
<kw name="Set Password" library="resource">
<arg>ValidPassword00!</arg>
<kw name="Input Password" library="SeleniumLibrary">
<arg>password</arg>
<arg>${password}</arg>
<doc>Types the given password into the text field identified by ``locator``.</doc>
<msg timestamp="20231120 21:51:41.256" level="INFO">Typing password into text field 'password'.</msg>
<msg timestamp="20231120 21:51:41.260" level="INFO">Temporally setting log level to: NONE</msg>
<msg timestamp="20231120 21:51:41.266" level="INFO">Log level changed from NONE to INFO.</msg>
<status status="PASS" starttime="20231120 21:51:41.256" endtime="20231120 21:51:41.266"/>
</kw>
<status status="PASS" starttime="20231120 21:51:41.256" endtime="20231120 21:51:41.266"/>
</kw>
<kw name="Set Password Confirmation" library="resource">
<arg>ValidPassword00!</arg>
<kw name="Input Password" library="SeleniumLibrary">
<arg>password_confirmation</arg>
<arg>${password}</arg>
<doc>Types the given password into the text field identified by ``locator``.</doc>
<msg timestamp="20231120 21:51:41.266" level="INFO">Typing password into text field 'password_confirmation'.</msg>
<msg timestamp="20231120 21:51:41.270" level="INFO">Temporally setting log level to: NONE</msg>
<msg timestamp="20231120 21:51:41.275" level="INFO">Log level changed from NONE to INFO.</msg>
<status status="PASS" starttime="20231120 21:51:41.266" endtime="20231120 21:51:41.275"/>
</kw>
<status status="PASS" starttime="20231120 21:51:41.266" endtime="20231120 21:51:41.275"/>
</kw>
<kw name="Submit Registration">
<kw name="Click Button" library="SeleniumLibrary">
<arg>Register</arg>
<doc>Clicks the button identified by ``locator``.</doc>
<msg timestamp="20231120 21:51:41.276" level="INFO">Clicking button 'Register'.</msg>
<status status="PASS" starttime="20231120 21:51:41.276" endtime="20231120 21:51:41.299"/>
</kw>
<status status="PASS" starttime="20231120 21:51:41.275" endtime="20231120 21:51:41.299"/>
</kw>
<kw name="Registration Should Fail With Message">
<arg>Username is too short</arg>
<kw name="Register Page Should Be Open" library="resource">
<kw name="Title Should Be" library="SeleniumLibrary">
<arg>Register</arg>
<doc>Verifies that the current page title equals ``title``.</doc>
<msg timestamp="20231120 21:51:41.301" level="INFO">Page title is 'Register'.</msg>
<status status="PASS" starttime="20231120 21:51:41.300" endtime="20231120 21:51:41.301"/>
</kw>
<status status="PASS" starttime="20231120 21:51:41.300" endtime="20231120 21:51:41.301"/>
</kw>
<kw name="Page Should Contain" library="SeleniumLibrary">
<arg>${message}</arg>
<doc>Verifies that current page contains ``text``.</doc>
<msg timestamp="20231120 21:51:41.304" level="INFO">Current page contains text 'Username is too short'.</msg>
<status status="PASS" starttime="20231120 21:51:41.301" endtime="20231120 21:51:41.304"/>
</kw>
<status status="PASS" starttime="20231120 21:51:41.300" endtime="20231120 21:51:41.304"/>
</kw>
<kw name="Reset Application State" library="resource" type="TEARDOWN">
<kw name="Reset Application" library="AppLibrary">
<status status="PASS" starttime="20231120 21:51:41.305" endtime="20231120 21:51:41.308"/>
</kw>
<status status="PASS" starttime="20231120 21:51:41.305" endtime="20231120 21:51:41.308"/>
</kw>
<status status="PASS" starttime="20231120 21:51:41.176" endtime="20231120 21:51:41.308"/>
</test>
<test id="s1-s3-t3" name="Register With Valid Username And Invalid Password" line="27">
<kw name="Go To Starting Page" library="resource" type="SETUP">
<kw name="Go To" library="SeleniumLibrary">
<arg>${HOME_URL}</arg>
<doc>Navigates the current browser window to the provided ``url``.</doc>
<msg timestamp="20231120 21:51:41.308" level="INFO">Opening url 'http://localhost:5001'</msg>
<status status="PASS" starttime="20231120 21:51:41.308" endtime="20231120 21:51:41.324"/>
</kw>
<status status="PASS" starttime="20231120 21:51:41.308" endtime="20231120 21:51:41.324"/>
</kw>
<kw name="Go To Register Page" library="resource">
<kw name="Go To" library="SeleniumLibrary">
<arg>${REGISTER_URL}</arg>
<doc>Navigates the current browser window to the provided ``url``.</doc>
<msg timestamp="20231120 21:51:41.324" level="INFO">Opening url 'http://localhost:5001/register'</msg>
<status status="PASS" starttime="20231120 21:51:41.324" endtime="20231120 21:51:41.340"/>
</kw>
<kw name="Register Page Should Be Open" library="resource">
<kw name="Title Should Be" library="SeleniumLibrary">
<arg>Register</arg>
<doc>Verifies that the current page title equals ``title``.</doc>
<msg timestamp="20231120 21:51:41.341" level="INFO">Page title is 'Register'.</msg>
<status status="PASS" starttime="20231120 21:51:41.341" endtime="20231120 21:51:41.341"/>
</kw>
<status status="PASS" starttime="20231120 21:51:41.341" endtime="20231120 21:51:41.341"/>
</kw>
<status status="PASS" starttime="20231120 21:51:41.324" endtime="20231120 21:51:41.341"/>
</kw>
<kw name="Set Username" library="resource">
<arg>validMonkey2</arg>
<kw name="Input Text" library="SeleniumLibrary">
<arg>username</arg>
<arg>${username}</arg>
<doc>Types the given ``text`` into the text field identified by ``locator``.</doc>
<msg timestamp="20231120 21:51:41.342" level="INFO">Typing text 'validMonkey2' into text field 'username'.</msg>
<status status="PASS" starttime="20231120 21:51:41.342" endtime="20231120 21:51:41.363"/>
</kw>
<status status="PASS" starttime="20231120 21:51:41.342" endtime="20231120 21:51:41.364"/>
</kw>
<kw name="Set Password" library="resource">
<arg>short</arg>
<kw name="Input Password" library="SeleniumLibrary">
<arg>password</arg>
<arg>${password}</arg>
<doc>Types the given password into the text field identified by ``locator``.</doc>
<msg timestamp="20231120 21:51:41.364" level="INFO">Typing password into text field 'password'.</msg>
<msg timestamp="20231120 21:51:41.368" level="INFO">Temporally setting log level to: NONE</msg>
<msg timestamp="20231120 21:51:41.371" level="INFO">Log level changed from NONE to INFO.</msg>
<status status="PASS" starttime="20231120 21:51:41.364" endtime="20231120 21:51:41.371"/>
</kw>
<status status="PASS" starttime="20231120 21:51:41.364" endtime="20231120 21:51:41.371"/>
</kw>
<kw name="Set Password Confirmation" library="resource">
<arg>short</arg>
<kw name="Input Password" library="SeleniumLibrary">
<arg>password_confirmation</arg>
<arg>${password}</arg>
<doc>Types the given password into the text field identified by ``locator``.</doc>
<msg timestamp="20231120 21:51:41.372" level="INFO">Typing password into text field 'password_confirmation'.</msg>
<msg timestamp="20231120 21:51:41.375" level="INFO">Temporally setting log level to: NONE</msg>
<msg timestamp="20231120 21:51:41.378" level="INFO">Log level changed from NONE to INFO.</msg>
<status status="PASS" starttime="20231120 21:51:41.371" endtime="20231120 21:51:41.378"/>
</kw>
<status status="PASS" starttime="20231120 21:51:41.371" endtime="20231120 21:51:41.378"/>
</kw>
<kw name="Submit Registration">
<kw name="Click Button" library="SeleniumLibrary">
<arg>Register</arg>
<doc>Clicks the button identified by ``locator``.</doc>
<msg timestamp="20231120 21:51:41.379" level="INFO">Clicking button 'Register'.</msg>
<status status="PASS" starttime="20231120 21:51:41.379" endtime="20231120 21:51:41.402"/>
</kw>
<status status="PASS" starttime="20231120 21:51:41.379" endtime="20231120 21:51:41.402"/>
</kw>
<kw name="Registration Should Fail With Message">
<arg>Password is invalid</arg>
<kw name="Register Page Should Be Open" library="resource">
<kw name="Title Should Be" library="SeleniumLibrary">
<arg>Register</arg>
<doc>Verifies that the current page title equals ``title``.</doc>
<msg timestamp="20231120 21:51:41.403" level="INFO">Page title is 'Register'.</msg>
<status status="PASS" starttime="20231120 21:51:41.402" endtime="20231120 21:51:41.403"/>
</kw>
<status status="PASS" starttime="20231120 21:51:41.402" endtime="20231120 21:51:41.403"/>
</kw>
<kw name="Page Should Contain" library="SeleniumLibrary">
<arg>${message}</arg>
<doc>Verifies that current page contains ``text``.</doc>
<msg timestamp="20231120 21:51:41.406" level="INFO">Current page contains text 'Password is invalid'.</msg>
<status status="PASS" starttime="20231120 21:51:41.403" endtime="20231120 21:51:41.406"/>
</kw>
<status status="PASS" starttime="20231120 21:51:41.402" endtime="20231120 21:51:41.406"/>
</kw>
<kw name="Reset Application State" library="resource" type="TEARDOWN">
<kw name="Reset Application" library="AppLibrary">
<status status="PASS" starttime="20231120 21:51:41.406" endtime="20231120 21:51:41.409"/>
</kw>
<status status="PASS" starttime="20231120 21:51:41.406" endtime="20231120 21:51:41.409"/>
</kw>
<status status="PASS" starttime="20231120 21:51:41.308" endtime="20231120 21:51:41.409"/>
</test>
<test id="s1-s3-t4" name="Register With Nonmatching Password And Password Confirmation" line="35">
<kw name="Go To Starting Page" library="resource" type="SETUP">
<kw name="Go To" library="SeleniumLibrary">
<arg>${HOME_URL}</arg>
<doc>Navigates the current browser window to the provided ``url``.</doc>
<msg timestamp="20231120 21:51:41.410" level="INFO">Opening url 'http://localhost:5001'</msg>
<status status="PASS" starttime="20231120 21:51:41.410" endtime="20231120 21:51:41.425"/>
</kw>
<status status="PASS" starttime="20231120 21:51:41.410" endtime="20231120 21:51:41.425"/>
</kw>
<kw name="Go To Register Page" library="resource">
<kw name="Go To" library="SeleniumLibrary">
<arg>${REGISTER_URL}</arg>
<doc>Navigates the current browser window to the provided ``url``.</doc>
<msg timestamp="20231120 21:51:41.425" level="INFO">Opening url 'http://localhost:5001/register'</msg>
<status status="PASS" starttime="20231120 21:51:41.425" endtime="20231120 21:51:41.443"/>
</kw>
<kw name="Register Page Should Be Open" library="resource">
<kw name="Title Should Be" library="SeleniumLibrary">
<arg>Register</arg>
<doc>Verifies that the current page title equals ``title``.</doc>
<msg timestamp="20231120 21:51:41.444" level="INFO">Page title is 'Register'.</msg>
<status status="PASS" starttime="20231120 21:51:41.443" endtime="20231120 21:51:41.444"/>
</kw>
<status status="PASS" starttime="20231120 21:51:41.443" endtime="20231120 21:51:41.444"/>
</kw>
<status status="PASS" starttime="20231120 21:51:41.425" endtime="20231120 21:51:41.444"/>
</kw>
<kw name="Set Username" library="resource">
<arg>validDrummer3</arg>
<kw name="Input Text" library="SeleniumLibrary">
<arg>username</arg>
<arg>${username}</arg>
<doc>Types the given ``text`` into the text field identified by ``locator``.</doc>
<msg timestamp="20231120 21:51:41.444" level="INFO">Typing text 'validDrummer3' into text field 'username'.</msg>
<status status="PASS" starttime="20231120 21:51:41.444" endtime="20231120 21:51:41.462"/>
</kw>
<status status="PASS" starttime="20231120 21:51:41.444" endtime="20231120 21:51:41.462"/>
</kw>
<kw name="Set Password" library="resource">
<arg>ValidPassword123!</arg>
<kw name="Input Password" library="SeleniumLibrary">
<arg>password</arg>
<arg>${password}</arg>
<doc>Types the given password into the text field identified by ``locator``.</doc>
<msg timestamp="20231120 21:51:41.462" level="INFO">Typing password into text field 'password'.</msg>
<msg timestamp="20231120 21:51:41.467" level="INFO">Temporally setting log level to: NONE</msg>
<msg timestamp="20231120 21:51:41.472" level="INFO">Log level changed from NONE to INFO.</msg>
<status status="PASS" starttime="20231120 21:51:41.462" endtime="20231120 21:51:41.472"/>
</kw>
<status status="PASS" starttime="20231120 21:51:41.462" endtime="20231120 21:51:41.472"/>
</kw>
<kw name="Set Password Confirmation" library="resource">
<arg>Doesnot23!</arg>
<kw name="Input Password" library="SeleniumLibrary">
<arg>password_confirmation</arg>
<arg>${password}</arg>
<doc>Types the given password into the text field identified by ``locator``.</doc>
<msg timestamp="20231120 21:51:41.472" level="INFO">Typing password into text field 'password_confirmation'.</msg>
<msg timestamp="20231120 21:51:41.476" level="INFO">Temporally setting log level to: NONE</msg>
<msg timestamp="20231120 21:51:41.479" level="INFO">Log level changed from NONE to INFO.</msg>
<status status="PASS" starttime="20231120 21:51:41.472" endtime="20231120 21:51:41.479"/>
</kw>
<status status="PASS" starttime="20231120 21:51:41.472" endtime="20231120 21:51:41.479"/>
</kw>
<kw name="Submit Registration">
<kw name="Click Button" library="SeleniumLibrary">
<arg>Register</arg>
<doc>Clicks the button identified by ``locator``.</doc>
<msg timestamp="20231120 21:51:41.479" level="INFO">Clicking button 'Register'.</msg>
<status status="PASS" starttime="20231120 21:51:41.479" endtime="20231120 21:51:41.504"/>
</kw>
<status status="PASS" starttime="20231120 21:51:41.479" endtime="20231120 21:51:41.504"/>
</kw>
<kw name="Registration Should Fail With Message">
<arg>Passwords do not match</arg>
<kw name="Register Page Should Be Open" library="resource">
<kw name="Title Should Be" library="SeleniumLibrary">
<arg>Register</arg>
<doc>Verifies that the current page title equals ``title``.</doc>
<msg timestamp="20231120 21:51:41.505" level="INFO">Page title is 'Register'.</msg>
<status status="PASS" starttime="20231120 21:51:41.504" endtime="20231120 21:51:41.505"/>
</kw>
<status status="PASS" starttime="20231120 21:51:41.504" endtime="20231120 21:51:41.505"/>
</kw>
<kw name="Page Should Contain" library="SeleniumLibrary">
<arg>${message}</arg>
<doc>Verifies that current page contains ``text``.</doc>
<msg timestamp="20231120 21:51:41.509" level="INFO">Current page contains text 'Passwords do not match'.</msg>
<status status="PASS" starttime="20231120 21:51:41.505" endtime="20231120 21:51:41.509"/>
</kw>
<status status="PASS" starttime="20231120 21:51:41.504" endtime="20231120 21:51:41.509"/>
</kw>
<kw name="Reset Application State" library="resource" type="TEARDOWN">
<kw name="Reset Application" library="AppLibrary">
<status status="PASS" starttime="20231120 21:51:41.509" endtime="20231120 21:51:41.513"/>
</kw>
<status status="PASS" starttime="20231120 21:51:41.509" endtime="20231120 21:51:41.513"/>
</kw>
<status status="PASS" starttime="20231120 21:51:41.409" endtime="20231120 21:51:41.513"/>
</test>
<test id="s1-s3-t5" name="Login After Successful Registration" line="43">
<kw name="Go To Starting Page" library="resource" type="SETUP">
<kw name="Go To" library="SeleniumLibrary">
<arg>${HOME_URL}</arg>
<doc>Navigates the current browser window to the provided ``url``.</doc>
<msg timestamp="20231120 21:51:41.513" level="INFO">Opening url 'http://localhost:5001'</msg>
<status status="PASS" starttime="20231120 21:51:41.513" endtime="20231120 21:51:41.529"/>
</kw>
<status status="PASS" starttime="20231120 21:51:41.513" endtime="20231120 21:51:41.529"/>
</kw>
<kw name="Go To Register Page" library="resource">
<kw name="Go To" library="SeleniumLibrary">
<arg>${REGISTER_URL}</arg>
<doc>Navigates the current browser window to the provided ``url``.</doc>
<msg timestamp="20231120 21:51:41.529" level="INFO">Opening url 'http://localhost:5001/register'</msg>
<status status="PASS" starttime="20231120 21:51:41.529" endtime="20231120 21:51:41.545"/>
</kw>
<kw name="Register Page Should Be Open" library="resource">
<kw name="Title Should Be" library="SeleniumLibrary">
<arg>Register</arg>
<doc>Verifies that the current page title equals ``title``.</doc>
<msg timestamp="20231120 21:51:41.546" level="INFO">Page title is 'Register'.</msg>
<status status="PASS" starttime="20231120 21:51:41.545" endtime="20231120 21:51:41.546"/>
</kw>
<status status="PASS" starttime="20231120 21:51:41.545" endtime="20231120 21:51:41.546"/>
</kw>
<status status="PASS" starttime="20231120 21:51:41.529" endtime="20231120 21:51:41.546"/>
</kw>
<kw name="Set Username" library="resource">
<arg>newuser123</arg>
<kw name="Input Text" library="SeleniumLibrary">
<arg>username</arg>
<arg>${username}</arg>
<doc>Types the given ``text`` into the text field identified by ``locator``.</doc>
<msg timestamp="20231120 21:51:41.546" level="INFO">Typing text 'newuser123' into text field 'username'.</msg>
<status status="PASS" starttime="20231120 21:51:41.546" endtime="20231120 21:51:41.561"/>
</kw>
<status status="PASS" starttime="20231120 21:51:41.546" endtime="20231120 21:51:41.561"/>
</kw>
<kw name="Set Password" library="resource">
<arg>Newpassword1!</arg>
<kw name="Input Password" library="SeleniumLibrary">
<arg>password</arg>
<arg>${password}</arg>
<doc>Types the given password into the text field identified by ``locator``.</doc>
<msg timestamp="20231120 21:51:41.562" level="INFO">Typing password into text field 'password'.</msg>
<msg timestamp="20231120 21:51:41.565" level="INFO">Temporally setting log level to: NONE</msg>
<msg timestamp="20231120 21:51:41.570" level="INFO">Log level changed from NONE to INFO.</msg>
<status status="PASS" starttime="20231120 21:51:41.561" endtime="20231120 21:51:41.570"/>
</kw>
<status status="PASS" starttime="20231120 21:51:41.561" endtime="20231120 21:51:41.570"/>
</kw>
<kw name="Set Password Confirmation" library="resource">
<arg>Newpassword1!</arg>
<kw name="Input Password" library="SeleniumLibrary">
<arg>password_confirmation</arg>
<arg>${password}</arg>
<doc>Types the given password into the text field identified by ``locator``.</doc>
<msg timestamp="20231120 21:51:41.570" level="INFO">Typing password into text field 'password_confirmation'.</msg>
<msg timestamp="20231120 21:51:41.574" level="INFO">Temporally setting log level to: NONE</msg>
<msg timestamp="20231120 21:51:41.577" level="INFO">Log level changed from NONE to INFO.</msg>
<status status="PASS" starttime="20231120 21:51:41.570" endtime="20231120 21:51:41.577"/>
</kw>
<status status="PASS" starttime="20231120 21:51:41.570" endtime="20231120 21:51:41.577"/>
</kw>
<kw name="Submit Registration">
<kw name="Click Button" library="SeleniumLibrary">
<arg>Register</arg>
<doc>Clicks the button identified by ``locator``.</doc>
<msg timestamp="20231120 21:51:41.577" level="INFO">Clicking button 'Register'.</msg>
<status status="PASS" starttime="20231120 21:51:41.577" endtime="20231120 21:51:41.595"/>
</kw>
<status status="PASS" starttime="20231120 21:51:41.577" endtime="20231120 21:51:41.595"/>
</kw>
<kw name="Registration Should Succeed">
<kw name="Welcome Page Should Be Open">
<kw name="Title Should Be" library="SeleniumLibrary">
<arg>Welcome to Ohtu Application!</arg>
<doc>Verifies that the current page title equals ``title``.</doc>
<msg timestamp="20231120 21:51:41.596" level="INFO">Page title is 'Welcome to Ohtu Application!'.</msg>
<status status="PASS" starttime="20231120 21:51:41.595" endtime="20231120 21:51:41.596"/>
</kw>
<status status="PASS" starttime="20231120 21:51:41.595" endtime="20231120 21:51:41.596"/>
</kw>
<status status="PASS" starttime="20231120 21:51:41.595" endtime="20231120 21:51:41.596"/>
</kw>
<kw name="Go To Main Page" library="resource">
<kw name="Go To" library="SeleniumLibrary">
<arg>${MAIN_URL}</arg>
<doc>Navigates the current browser window to the provided ``url``.</doc>
<msg timestamp="20231120 21:51:41.596" level="INFO">Opening url 'http://localhost:5001/ohtu'</msg>
<status status="PASS" starttime="20231120 21:51:41.596" endtime="20231120 21:51:41.613"/>
</kw>
<status status="PASS" starttime="20231120 21:51:41.596" endtime="20231120 21:51:41.613"/>
</kw>
<kw name="Logout">
<kw name="Click Button" library="SeleniumLibrary">
<arg>Logout</arg>
<doc>Clicks the button identified by ``locator``.</doc>
<msg timestamp="20231120 21:51:41.613" level="INFO">Clicking button 'Logout'.</msg>
<status status="PASS" starttime="20231120 21:51:41.613" endtime="20231120 21:51:41.644"/>
</kw>
<status status="PASS" starttime="20231120 21:51:41.613" endtime="20231120 21:51:41.644"/>
</kw>
<kw name="Go To Login Page" library="login_resource">
<kw name="Go To" library="SeleniumLibrary">
<arg>${LOGIN_URL}</arg>
<doc>Navigates the current browser window to the provided ``url``.</doc>
<msg timestamp="20231120 21:51:41.645" level="INFO">Opening url 'http://localhost:5001/login'</msg>
<status status="PASS" starttime="20231120 21:51:41.645" endtime="20231120 21:51:41.659"/>
</kw>
<kw name="Login Page Should Be Open" library="login_resource">
<kw name="Title Should Be" library="SeleniumLibrary">
<arg>Login</arg>
<doc>Verifies that the current page title equals ``title``.</doc>
<msg timestamp="20231120 21:51:41.660" level="INFO">Page title is 'Login'.</msg>
<status status="PASS" starttime="20231120 21:51:41.659" endtime="20231120 21:51:41.660"/>
</kw>
<status status="PASS" starttime="20231120 21:51:41.659" endtime="20231120 21:51:41.660"/>
</kw>
<status status="PASS" starttime="20231120 21:51:41.645" endtime="20231120 21:51:41.660"/>
</kw>
<kw name="Set Username" library="resource">
<arg>newuser123</arg>
<kw name="Input Text" library="SeleniumLibrary">
<arg>username</arg>
<arg>${username}</arg>
<doc>Types the given ``text`` into the text field identified by ``locator``.</doc>
<msg timestamp="20231120 21:51:41.660" level="INFO">Typing text 'newuser123' into text field 'username'.</msg>
<status status="PASS" starttime="20231120 21:51:41.660" endtime="20231120 21:51:41.673"/>
</kw>
<status status="PASS" starttime="20231120 21:51:41.660" endtime="20231120 21:51:41.673"/>
</kw>
<kw name="Set Password" library="resource">
<arg>Newpassword1!</arg>
<kw name="Input Password" library="SeleniumLibrary">
<arg>password</arg>
<arg>${password}</arg>
<doc>Types the given password into the text field identified by ``locator``.</doc>
<msg timestamp="20231120 21:51:41.674" level="INFO">Typing password into text field 'password'.</msg>
<msg timestamp="20231120 21:51:41.676" level="INFO">Temporally setting log level to: NONE</msg>
<msg timestamp="20231120 21:51:41.679" level="INFO">Log level changed from NONE to INFO.</msg>
<status status="PASS" starttime="20231120 21:51:41.673" endtime="20231120 21:51:41.679"/>
</kw>
<status status="PASS" starttime="20231120 21:51:41.673" endtime="20231120 21:51:41.680"/>
</kw>
<kw name="Submit Login" library="login_resource">
<kw name="Click Button" library="SeleniumLibrary">
<arg>Login</arg>
<doc>Clicks the button identified by ``locator``.</doc>
<msg timestamp="20231120 21:51:41.680" level="INFO">Clicking button 'Login'.</msg>
<status status="PASS" starttime="20231120 21:51:41.680" endtime="20231120 21:51:41.699"/>
</kw>
<status status="PASS" starttime="20231120 21:51:41.680" endtime="20231120 21:51:41.699"/>
</kw>
<kw name="Ohtu Page Should Be Open" library="login_resource">
<kw name="Title Should Be" library="SeleniumLibrary">
<arg>Ohtu Application main page</arg>
<doc>Verifies that the current page title equals ``title``.</doc>
<msg timestamp="20231120 21:51:41.701" level="INFO">Page title is 'Ohtu Application main page'.</msg>
<status status="PASS" starttime="20231120 21:51:41.700" endtime="20231120 21:51:41.701"/>
</kw>
<status status="PASS" starttime="20231120 21:51:41.700" endtime="20231120 21:51:41.701"/>
</kw>
<kw name="Reset Application State" library="resource" type="TEARDOWN">
<kw name="Reset Application" library="AppLibrary">
<status status="PASS" starttime="20231120 21:51:41.701" endtime="20231120 21:51:41.704"/>
</kw>
<status status="PASS" starttime="20231120 21:51:41.701" endtime="20231120 21:51:41.704"/>
</kw>
<status status="PASS" starttime="20231120 21:51:41.513" endtime="20231120 21:51:41.704"/>
</test>
<test id="s1-s3-t6" name="Login After Failed Registration" line="58">
<kw name="Go To Starting Page" library="resource" type="SETUP">
<kw name="Go To" library="SeleniumLibrary">
<arg>${HOME_URL}</arg>
<doc>Navigates the current browser window to the provided ``url``.</doc>
<msg timestamp="20231120 21:51:41.704" level="INFO">Opening url 'http://localhost:5001'</msg>
<status status="PASS" starttime="20231120 21:51:41.704" endtime="20231120 21:51:41.720"/>
</kw>
<status status="PASS" starttime="20231120 21:51:41.704" endtime="20231120 21:51:41.720"/>
</kw>
<kw name="Go To Register Page" library="resource">
<kw name="Go To" library="SeleniumLibrary">
<arg>${REGISTER_URL}</arg>
<doc>Navigates the current browser window to the provided ``url``.</doc>
<msg timestamp="20231120 21:51:41.720" level="INFO">Opening url 'http://localhost:5001/register'</msg>
<status status="PASS" starttime="20231120 21:51:41.720" endtime="20231120 21:51:41.735"/>
</kw>
<kw name="Register Page Should Be Open" library="resource">
<kw name="Title Should Be" library="SeleniumLibrary">
<arg>Register</arg>
<doc>Verifies that the current page title equals ``title``.</doc>
<msg timestamp="20231120 21:51:41.736" level="INFO">Page title is 'Register'.</msg>
<status status="PASS" starttime="20231120 21:51:41.736" endtime="20231120 21:51:41.736"/>
</kw>
<status status="PASS" starttime="20231120 21:51:41.735" endtime="20231120 21:51:41.736"/>
</kw>
<status status="PASS" starttime="20231120 21:51:41.720" endtime="20231120 21:51:41.736"/>
</kw>
<kw name="Set Username" library="resource">
<arg>existinguser</arg>
<kw name="Input Text" library="SeleniumLibrary">
<arg>username</arg>
<arg>${username}</arg>
<doc>Types the given ``text`` into the text field identified by ``locator``.</doc>
<msg timestamp="20231120 21:51:41.737" level="INFO">Typing text 'existinguser' into text field 'username'.</msg>
<status status="PASS" starttime="20231120 21:51:41.737" endtime="20231120 21:51:41.751"/>
</kw>
<status status="PASS" starttime="20231120 21:51:41.737" endtime="20231120 21:51:41.751"/>
</kw>
<kw name="Set Password" library="resource">
<arg>Pass1234!</arg>
<kw name="Input Password" library="SeleniumLibrary">
<arg>password</arg>
<arg>${password}</arg>
<doc>Types the given password into the text field identified by ``locator``.</doc>
<msg timestamp="20231120 21:51:41.751" level="INFO">Typing password into text field 'password'.</msg>
<msg timestamp="20231120 21:51:41.753" level="INFO">Temporally setting log level to: NONE</msg>
<msg timestamp="20231120 21:51:41.758" level="INFO">Log level changed from NONE to INFO.</msg>
<status status="PASS" starttime="20231120 21:51:41.751" endtime="20231120 21:51:41.758"/>
</kw>
<status status="PASS" starttime="20231120 21:51:41.751" endtime="20231120 21:51:41.758"/>
</kw>
<kw name="Set Password Confirmation" library="resource">
<arg>DifferentPass123!</arg>
<kw name="Input Password" library="SeleniumLibrary">
<arg>password_confirmation</arg>
<arg>${password}</arg>
<doc>Types the given password into the text field identified by ``locator``.</doc>
<msg timestamp="20231120 21:51:41.759" level="INFO">Typing password into text field 'password_confirmation'.</msg>
<msg timestamp="20231120 21:51:41.761" level="INFO">Temporally setting log level to: NONE</msg>
<msg timestamp="20231120 21:51:41.766" level="INFO">Log level changed from NONE to INFO.</msg>
<status status="PASS" starttime="20231120 21:51:41.758" endtime="20231120 21:51:41.766"/>
</kw>
<status status="PASS" starttime="20231120 21:51:41.758" endtime="20231120 21:51:41.766"/>
</kw>
<kw name="Submit Registration">
<kw name="Click Button" library="SeleniumLibrary">
<arg>Register</arg>
<doc>Clicks the button identified by ``locator``.</doc>
<msg timestamp="20231120 21:51:41.766" level="INFO">Clicking button 'Register'.</msg>
<status status="PASS" starttime="20231120 21:51:41.766" endtime="20231120 21:51:41.787"/>
</kw>
<status status="PASS" starttime="20231120 21:51:41.766" endtime="20231120 21:51:41.787"/>
</kw>
<kw name="Registration Should Fail With Message">
<arg>Passwords do not match</arg>
<kw name="Register Page Should Be Open" library="resource">
<kw name="Title Should Be" library="SeleniumLibrary">
<arg>Register</arg>
<doc>Verifies that the current page title equals ``title``.</doc>
<msg timestamp="20231120 21:51:41.789" level="INFO">Page title is 'Register'.</msg>
<status status="PASS" starttime="20231120 21:51:41.787" endtime="20231120 21:51:41.789"/>
</kw>
<status status="PASS" starttime="20231120 21:51:41.787" endtime="20231120 21:51:41.789"/>
</kw>
<kw name="Page Should Contain" library="SeleniumLibrary">
<arg>${message}</arg>
<doc>Verifies that current page contains ``text``.</doc>
<msg timestamp="20231120 21:51:41.792" level="INFO">Current page contains text 'Passwords do not match'.</msg>
<status status="PASS" starttime="20231120 21:51:41.789" endtime="20231120 21:51:41.792"/>
</kw>
<status status="PASS" starttime="20231120 21:51:41.787" endtime="20231120 21:51:41.792"/>
</kw>
<kw name="Go To Login Page" library="login_resource">
<kw name="Go To" library="SeleniumLibrary">
<arg>${LOGIN_URL}</arg>
<doc>Navigates the current browser window to the provided ``url``.</doc>
<msg timestamp="20231120 21:51:41.793" level="INFO">Opening url 'http://localhost:5001/login'</msg>
<status status="PASS" starttime="20231120 21:51:41.793" endtime="20231120 21:51:41.806"/>
</kw>
<kw name="Login Page Should Be Open" library="login_resource">
<kw name="Title Should Be" library="SeleniumLibrary">
<arg>Login</arg>
<doc>Verifies that the current page title equals ``title``.</doc>
<msg timestamp="20231120 21:51:41.807" level="INFO">Page title is 'Login'.</msg>
<status status="PASS" starttime="20231120 21:51:41.806" endtime="20231120 21:51:41.807"/>
</kw>
<status status="PASS" starttime="20231120 21:51:41.806" endtime="20231120 21:51:41.807"/>
</kw>
<status status="PASS" starttime="20231120 21:51:41.792" endtime="20231120 21:51:41.807"/>
</kw>
<kw name="Set Username" library="resource">
<arg>existinguser</arg>
<kw name="Input Text" library="SeleniumLibrary">
<arg>username</arg>
<arg>${username}</arg>
<doc>Types the given ``text`` into the text field identified by ``locator``.</doc>
<msg timestamp="20231120 21:51:41.808" level="INFO">Typing text 'existinguser' into text field 'username'.</msg>
<status status="PASS" starttime="20231120 21:51:41.807" endtime="20231120 21:51:41.822"/>
</kw>
<status status="PASS" starttime="20231120 21:51:41.807" endtime="20231120 21:51:41.822"/>
</kw>
<kw name="Set Password" library="resource">
<arg>Pass1234!</arg>
<kw name="Input Password" library="SeleniumLibrary">
<arg>password</arg>
<arg>${password}</arg>
<doc>Types the given password into the text field identified by ``locator``.</doc>
<msg timestamp="20231120 21:51:41.822" level="INFO">Typing password into text field 'password'.</msg>
<msg timestamp="20231120 21:51:41.824" level="INFO">Temporally setting log level to: NONE</msg>
<msg timestamp="20231120 21:51:41.827" level="INFO">Log level changed from NONE to INFO.</msg>
<status status="PASS" starttime="20231120 21:51:41.822" endtime="20231120 21:51:41.827"/>
</kw>
<status status="PASS" starttime="20231120 21:51:41.822" endtime="20231120 21:51:41.827"/>
</kw>
<kw name="Submit Login" library="login_resource">
<kw name="Click Button" library="SeleniumLibrary">
<arg>Login</arg>
<doc>Clicks the button identified by ``locator``.</doc>
<msg timestamp="20231120 21:51:41.827" level="INFO">Clicking button 'Login'.</msg>
<status status="PASS" starttime="20231120 21:51:41.827" endtime="20231120 21:51:41.845"/>
</kw>
<status status="PASS" starttime="20231120 21:51:41.827" endtime="20231120 21:51:41.845"/>
</kw>
<kw name="Login Page Should Be Open" library="login_resource">
<kw name="Title Should Be" library="SeleniumLibrary">
<arg>Login</arg>
<doc>Verifies that the current page title equals ``title``.</doc>
<msg timestamp="20231120 21:51:41.846" level="INFO">Page title is 'Login'.</msg>
<status status="PASS" starttime="20231120 21:51:41.845" endtime="20231120 21:51:41.846"/>
</kw>
<status status="PASS" starttime="20231120 21:51:41.845" endtime="20231120 21:51:41.846"/>
</kw>
<kw name="Reset Application State" library="resource" type="TEARDOWN">
<kw name="Reset Application" library="AppLibrary">
<status status="PASS" starttime="20231120 21:51:41.846" endtime="20231120 21:51:41.850"/>
</kw>
<status status="PASS" starttime="20231120 21:51:41.846" endtime="20231120 21:51:41.850"/>
</kw>
<status status="PASS" starttime="20231120 21:51:41.704" endtime="20231120 21:51:41.850"/>
</test>
<kw name="Close Browser" library="SeleniumLibrary" type="TEARDOWN">
<doc>Closes the current browser.</doc>
<status status="PASS" starttime="20231120 21:51:41.850" endtime="20231120 21:51:44.241"/>
</kw>
<status status="PASS" starttime="20231120 21:51:38.575" endtime="20231120 21:51:44.241"/>
</suite>
<status status="PASS" starttime="20231120 21:51:30.041" endtime="20231120 21:51:44.241"/>
</suite>
<statistics>
<total>
<stat pass="11" fail="0" skip="0">All Tests</stat>
</total>
<tag>
</tag>
<suite>
<stat pass="11" fail="0" skip="0" id="s1" name="Tests">Tests</stat>
<stat pass="2" fail="0" skip="0" id="s1-s1" name="Home">Tests.Home</stat>
<stat pass="3" fail="0" skip="0" id="s1-s2" name="Login">Tests.Login</stat>
<stat pass="6" fail="0" skip="0" id="s1-s3" name="Register">Tests.Register</stat>
</suite>
</statistics>
<errors>
</errors>
</robot>
