<?xml version="1.0" encoding="UTF-8"?>
<robot generator="Robot 6.1.1 (Python 3.11.6 on darwin)" generated="20231120 21:54:42.635" rpa="false" schemaversion="4">
<suite id="s1" name="Tests" source="/Users/yytsi/Desktop/code/koulu/ohtu/palautusrepositorio/viikko3/login-robot/src/tests">
<suite id="s1-s1" name="Login" source="/Users/yytsi/Desktop/code/koulu/ohtu/palautusrepositorio/viikko3/login-robot/src/tests/login.robot">
<test id="s1-s1-t1" name="Login With Correct Credentials" line="6">
<kw name="Create User And Input Login Command" type="SETUP">
<kw name="Create User" library="AppLibrary">
<arg>kalle</arg>
<arg>kalle123</arg>
<status status="PASS" starttime="20231120 21:54:42.645" endtime="20231120 21:54:42.645"/>
</kw>
<kw name="Input Login Command" library="resource">
<kw name="Input" library="AppLibrary">
<arg>login</arg>
<status status="PASS" starttime="20231120 21:54:42.645" endtime="20231120 21:54:42.645"/>
</kw>
<status status="PASS" starttime="20231120 21:54:42.645" endtime="20231120 21:54:42.645"/>
</kw>
<status status="PASS" starttime="20231120 21:54:42.645" endtime="20231120 21:54:42.645"/>
</kw>
<kw name="Input Credentials" library="resource">
<arg>kalle</arg>
<arg>kalle123</arg>
<kw name="Input" library="AppLibrary">
<arg>${username}</arg>
<status status="PASS" starttime="20231120 21:54:42.645" endtime="20231120 21:54:42.645"/>
</kw>
<kw name="Input" library="AppLibrary">
<arg>${password}</arg>
<status status="PASS" starttime="20231120 21:54:42.645" endtime="20231120 21:54:42.645"/>
</kw>
<kw name="Run Application" library="AppLibrary">
<status status="PASS" starttime="20231120 21:54:42.645" endtime="20231120 21:54:42.646"/>
</kw>
<status status="PASS" starttime="20231120 21:54:42.645" endtime="20231120 21:54:42.646"/>
</kw>
<kw name="Output Should Contain" library="AppLibrary">
<arg>Logged in</arg>
<status status="PASS" starttime="20231120 21:54:42.646" endtime="20231120 21:54:42.646"/>
</kw>
<status status="PASS" starttime="20231120 21:54:42.645" endtime="20231120 21:54:42.646"/>
</test>
<test id="s1-s1-t2" name="Login With Incorrect Password" line="10">
<kw name="Create User And Input Login Command" type="SETUP">
<kw name="Create User" library="AppLibrary">
<arg>kalle</arg>
<arg>kalle123</arg>
<status status="PASS" starttime="20231120 21:54:42.646" endtime="20231120 21:54:42.646"/>
</kw>
<kw name="Input Login Command" library="resource">
<kw name="Input" library="AppLibrary">
<arg>login</arg>
<status status="PASS" starttime="20231120 21:54:42.646" endtime="20231120 21:54:42.646"/>
</kw>
<status status="PASS" starttime="20231120 21:54:42.646" endtime="20231120 21:54:42.646"/>
</kw>
<status status="PASS" starttime="20231120 21:54:42.646" endtime="20231120 21:54:42.646"/>
</kw>
<kw name="Input Credentials" library="resource">
<arg>kalle</arg>
<arg>kl23</arg>
<kw name="Input" library="AppLibrary">
<arg>${username}</arg>
<status status="PASS" starttime="20231120 21:54:42.646" endtime="20231120 21:54:42.646"/>
</kw>
<kw name="Input" library="AppLibrary">
<arg>${password}</arg>
<status status="PASS" starttime="20231120 21:54:42.646" endtime="20231120 21:54:42.646"/>
</kw>
<kw name="Run Application" library="AppLibrary">
<status status="PASS" starttime="20231120 21:54:42.646" endtime="20231120 21:54:42.646"/>
</kw>
<status status="PASS" starttime="20231120 21:54:42.646" endtime="20231120 21:54:42.647"/>
</kw>
<kw name="Output Should Contain" library="AppLibrary">
<arg>Invalid username or password</arg>
<status status="PASS" starttime="20231120 21:54:42.647" endtime="20231120 21:54:42.647"/>
</kw>
<status status="PASS" starttime="20231120 21:54:42.646" endtime="20231120 21:54:42.647"/>
</test>
<test id="s1-s1-t3" name="Login With Nonexistent Username" line="14">
<kw name="Create User And Input Login Command" type="SETUP">
<kw name="Create User" library="AppLibrary">
<arg>kalle</arg>
<arg>kalle123</arg>
<status status="PASS" starttime="20231120 21:54:42.647" endtime="20231120 21:54:42.647"/>
</kw>
<kw name="Input Login Command" library="resource">
<kw name="Input" library="AppLibrary">
<arg>login</arg>
<status status="PASS" starttime="20231120 21:54:42.647" endtime="20231120 21:54:42.647"/>
</kw>
<status status="PASS" starttime="20231120 21:54:42.647" endtime="20231120 21:54:42.647"/>
</kw>
<status status="PASS" starttime="20231120 21:54:42.647" endtime="20231120 21:54:42.647"/>
</kw>
<kw name="Input Credentials" library="resource">
<arg>kl</arg>
<arg>xx</arg>
<kw name="Input" library="AppLibrary">
<arg>${username}</arg>
<status status="PASS" starttime="20231120 21:54:42.647" endtime="20231120 21:54:42.647"/>
</kw>
<kw name="Input" library="AppLibrary">
<arg>${password}</arg>
<status status="PASS" starttime="20231120 21:54:42.647" endtime="20231120 21:54:42.647"/>
</kw>
<kw name="Run Application" library="AppLibrary">
<status status="PASS" starttime="20231120 21:54:42.647" endtime="20231120 21:54:42.647"/>
</kw>
<status status="PASS" starttime="20231120 21:54:42.647" endtime="20231120 21:54:42.647"/>
</kw>
<kw name="Output Should Contain" library="AppLibrary">
<arg>Invalid username or password</arg>
<status status="PASS" starttime="20231120 21:54:42.647" endtime="20231120 21:54:42.647"/>
</kw>
<status status="PASS" starttime="20231120 21:54:42.647" endtime="20231120 21:54:42.647"/>
</test>
<status status="PASS" starttime="20231120 21:54:42.642" endtime="20231120 21:54:42.648"/>
</suite>
<suite id="s1-s2" name="Register" source="/Users/yytsi/Desktop/code/koulu/ohtu/palautusrepositorio/viikko3/login-robot/src/tests/register.robot">
<test id="s1-s2-t1" name="Register With Valid Username And Password" line="5">
<kw name="Input New User Credentials">
<arg>testuser</arg>
<arg>validPass123!</arg>
<kw name="Input">
<arg>new</arg>
<kw name="Input" library="AppLibrary">
<arg>${input}</arg>
<status status="PASS" starttime="20231120 21:54:42.649" endtime="20231120 21:54:42.649"/>
</kw>
<status status="PASS" starttime="20231120 21:54:42.649" endtime="20231120 21:54:42.649"/>
</kw>
<kw name="Input">
<arg>${username}</arg>
<kw name="Input" library="AppLibrary">
<arg>${input}</arg>
<status status="PASS" starttime="20231120 21:54:42.649" endtime="20231120 21:54:42.649"/>
</kw>
<status status="PASS" starttime="20231120 21:54:42.649" endtime="20231120 21:54:42.649"/>
</kw>
<kw name="Input">
<arg>${password}</arg>
<kw name="Input" library="AppLibrary">
<arg>${input}</arg>
<status status="PASS" starttime="20231120 21:54:42.649" endtime="20231120 21:54:42.649"/>
</kw>
<status status="PASS" starttime="20231120 21:54:42.649" endtime="20231120 21:54:42.649"/>
</kw>
<kw name="Run Application">
<kw name="Run Application" library="AppLibrary">
<status status="PASS" starttime="20231120 21:54:42.649" endtime="20231120 21:54:42.649"/>
</kw>
<status status="PASS" starttime="20231120 21:54:42.649" endtime="20231120 21:54:42.649"/>
</kw>
<status status="PASS" starttime="20231120 21:54:42.649" endtime="20231120 21:54:42.649"/>
</kw>
<kw name="Output Should Contain" library="AppLibrary">
<arg>New user registered</arg>
<status status="PASS" starttime="20231120 21:54:42.649" endtime="20231120 21:54:42.649"/>
</kw>
<status status="PASS" starttime="20231120 21:54:42.649" endtime="20231120 21:54:42.649"/>
</test>
<test id="s1-s2-t2" name="Register With Already Taken Username And Valid Password" line="9">
<kw name="Input New User Credentials">
<arg>testuser</arg>
<arg>anotherPass123!</arg>
<kw name="Input">
<arg>new</arg>
<kw name="Input" library="AppLibrary">
<arg>${input}</arg>
<status status="PASS" starttime="20231120 21:54:42.650" endtime="20231120 21:54:42.650"/>
</kw>
<status status="PASS" starttime="20231120 21:54:42.650" endtime="20231120 21:54:42.650"/>
</kw>
<kw name="Input">
<arg>${username}</arg>
<kw name="Input" library="AppLibrary">
<arg>${input}</arg>
<status status="PASS" starttime="20231120 21:54:42.650" endtime="20231120 21:54:42.650"/>
</kw>
<status status="PASS" starttime="20231120 21:54:42.650" endtime="20231120 21:54:42.650"/>
</kw>
<kw name="Input">
<arg>${password}</arg>
<kw name="Input" library="AppLibrary">
<arg>${input}</arg>
<status status="PASS" starttime="20231120 21:54:42.650" endtime="20231120 21:54:42.650"/>
</kw>
<status status="PASS" starttime="20231120 21:54:42.650" endtime="20231120 21:54:42.650"/>
</kw>
<kw name="Run Application">
<kw name="Run Application" library="AppLibrary">
<status status="PASS" starttime="20231120 21:54:42.650" endtime="20231120 21:54:42.650"/>
</kw>
<status status="PASS" starttime="20231120 21:54:42.650" endtime="20231120 21:54:42.650"/>
</kw>
<status status="PASS" starttime="20231120 21:54:42.650" endtime="20231120 21:54:42.650"/>
</kw>
<kw name="Input New User Credentials">
<arg>testuser</arg>
<arg>anotherPass123!</arg>
<kw name="Input">
<arg>new</arg>
<kw name="Input" library="AppLibrary">
<arg>${input}</arg>
<status status="PASS" starttime="20231120 21:54:42.650" endtime="20231120 21:54:42.650"/>
</kw>
<status status="PASS" starttime="20231120 21:54:42.650" endtime="20231120 21:54:42.651"/>
</kw>
<kw name="Input">
<arg>${username}</arg>
<kw name="Input" library="AppLibrary">
<arg>${input}</arg>
<status status="PASS" starttime="20231120 21:54:42.651" endtime="20231120 21:54:42.651"/>
</kw>
<status status="PASS" starttime="20231120 21:54:42.651" endtime="20231120 21:54:42.651"/>
</kw>
<kw name="Input">
<arg>${password}</arg>
<kw name="Input" library="AppLibrary">
<arg>${input}</arg>
<status status="PASS" starttime="20231120 21:54:42.651" endtime="20231120 21:54:42.651"/>
</kw>
<status status="PASS" starttime="20231120 21:54:42.651" endtime="20231120 21:54:42.651"/>
</kw>
<kw name="Run Application">
<kw name="Run Application" library="AppLibrary">
<status status="PASS" starttime="20231120 21:54:42.651" endtime="20231120 21:54:42.651"/>
</kw>
<status status="PASS" starttime="20231120 21:54:42.651" endtime="20231120 21:54:42.651"/>
</kw>
<status status="PASS" starttime="20231120 21:54:42.650" endtime="20231120 21:54:42.651"/>
</kw>
<kw name="Output Should Contain" library="AppLibrary">
<arg>User with username testuser already exists</arg>
<status status="PASS" starttime="20231120 21:54:42.651" endtime="20231120 21:54:42.651"/>
</kw>
<status status="PASS" starttime="20231120 21:54:42.650" endtime="20231120 21:54:42.651"/>
</test>
<test id="s1-s2-t3" name="Register With Too Short Username And Valid Password" line="14">
<kw name="Input New User Credentials">
<arg>xy</arg>
<arg>validPass123!</arg>
<kw name="Input">
<arg>new</arg>
<kw name="Input" library="AppLibrary">
<arg>${input}</arg>
<status status="PASS" starttime="20231120 21:54:42.651" endtime="20231120 21:54:42.651"/>
</kw>
<status status="PASS" starttime="20231120 21:54:42.651" endtime="20231120 21:54:42.652"/>
</kw>
<kw name="Input">
<arg>${username}</arg>
<kw name="Input" library="AppLibrary">
<arg>${input}</arg>
<status status="PASS" starttime="20231120 21:54:42.652" endtime="20231120 21:54:42.652"/>
</kw>
<status status="PASS" starttime="20231120 21:54:42.652" endtime="20231120 21:54:42.652"/>
</kw>
<kw name="Input">
<arg>${password}</arg>
<kw name="Input" library="AppLibrary">
<arg>${input}</arg>
<status status="PASS" starttime="20231120 21:54:42.652" endtime="20231120 21:54:42.652"/>
</kw>
<status status="PASS" starttime="20231120 21:54:42.652" endtime="20231120 21:54:42.652"/>
</kw>
<kw name="Run Application">
<kw name="Run Application" library="AppLibrary">
<status status="PASS" starttime="20231120 21:54:42.652" endtime="20231120 21:54:42.652"/>
</kw>
<status status="PASS" starttime="20231120 21:54:42.652" endtime="20231120 21:54:42.652"/>
</kw>
<status status="PASS" starttime="20231120 21:54:42.651" endtime="20231120 21:54:42.652"/>
</kw>
<kw name="Output Should Contain" library="AppLibrary">
<arg>Invalid username</arg>
<status status="PASS" starttime="20231120 21:54:42.652" endtime="20231120 21:54:42.652"/>
</kw>
<status status="PASS" starttime="20231120 21:54:42.651" endtime="20231120 21:54:42.652"/>
</test>
<test id="s1-s2-t4" name="Register With Enough Long But Invalid Username And Valid Password" line="18">
<kw name="Input New User Credentials">
<arg>test_user</arg>
<arg>validPass123!</arg>
<kw name="Input">
<arg>new</arg>
<kw name="Input" library="AppLibrary">
<arg>${input}</arg>
<status status="PASS" starttime="20231120 21:54:42.652" endtime="20231120 21:54:42.652"/>
</kw>
<status status="PASS" starttime="20231120 21:54:42.652" endtime="20231120 21:54:42.652"/>
</kw>
<kw name="Input">
<arg>${username}</arg>
<kw name="Input" library="AppLibrary">
<arg>${input}</arg>
<status status="PASS" starttime="20231120 21:54:42.652" endtime="20231120 21:54:42.653"/>
</kw>
<status status="PASS" starttime="20231120 21:54:42.652" endtime="20231120 21:54:42.653"/>
</kw>
<kw name="Input">
<arg>${password}</arg>
<kw name="Input" library="AppLibrary">
<arg>${input}</arg>
<status status="PASS" starttime="20231120 21:54:42.653" endtime="20231120 21:54:42.653"/>
</kw>
<status status="PASS" starttime="20231120 21:54:42.653" endtime="20231120 21:54:42.653"/>
</kw>
<kw name="Run Application">
<kw name="Run Application" library="AppLibrary">
<status status="PASS" starttime="20231120 21:54:42.653" endtime="20231120 21:54:42.653"/>
</kw>
<status status="PASS" starttime="20231120 21:54:42.653" endtime="20231120 21:54:42.653"/>
</kw>
<status status="PASS" starttime="20231120 21:54:42.652" endtime="20231120 21:54:42.653"/>
</kw>
<kw name="Output Should Contain" library="AppLibrary">
<arg>Invalid username</arg>
<status status="PASS" starttime="20231120 21:54:42.653" endtime="20231120 21:54:42.653"/>
</kw>
<status status="PASS" starttime="20231120 21:54:42.652" endtime="20231120 21:54:42.653"/>
</test>
<test id="s1-s2-t5" name="Register With Valid Username And Too Short Password" line="22">
<kw name="Input New User Credentials">
<arg>validuser</arg>
<arg>short</arg>
<kw name="Input">
<arg>new</arg>
<kw name="Input" library="AppLibrary">
<arg>${input}</arg>
<status status="PASS" starttime="20231120 21:54:42.653" endtime="20231120 21:54:42.653"/>
</kw>
<status status="PASS" starttime="20231120 21:54:42.653" endtime="20231120 21:54:42.653"/>
</kw>
<kw name="Input">
<arg>${username}</arg>
<kw name="Input" library="AppLibrary">
<arg>${input}</arg>
<status status="PASS" starttime="20231120 21:54:42.653" endtime="20231120 21:54:42.653"/>
</kw>
<status status="PASS" starttime="20231120 21:54:42.653" endtime="20231120 21:54:42.653"/>
</kw>
<kw name="Input">
<arg>${password}</arg>
<kw name="Input" library="AppLibrary">
<arg>${input}</arg>
<status status="PASS" starttime="20231120 21:54:42.654" endtime="20231120 21:54:42.654"/>
</kw>
<status status="PASS" starttime="20231120 21:54:42.653" endtime="20231120 21:54:42.654"/>
</kw>
<kw name="Run Application">
<kw name="Run Application" library="AppLibrary">
<status status="PASS" starttime="20231120 21:54:42.654" endtime="20231120 21:54:42.654"/>
</kw>
<status status="PASS" starttime="20231120 21:54:42.654" endtime="20231120 21:54:42.654"/>
</kw>
<status status="PASS" starttime="20231120 21:54:42.653" endtime="20231120 21:54:42.654"/>
</kw>
<kw name="Output Should Contain" library="AppLibrary">
<arg>Invalid password</arg>
<status status="PASS" starttime="20231120 21:54:42.654" endtime="20231120 21:54:42.654"/>
</kw>
<status status="PASS" starttime="20231120 21:54:42.653" endtime="20231120 21:54:42.654"/>
</test>
<test id="s1-s2-t6" name="Register With Valid Username And Long Enough Password Containing Only Letters" line="26">
<kw name="Input New User Credentials">
<arg>validuser</arg>
<arg>onlyletters</arg>
<kw name="Input">
<arg>new</arg>
<kw name="Input" library="AppLibrary">
<arg>${input}</arg>
<status status="PASS" starttime="20231120 21:54:42.654" endtime="20231120 21:54:42.654"/>
</kw>
<status status="PASS" starttime="20231120 21:54:42.654" endtime="20231120 21:54:42.654"/>
</kw>
<kw name="Input">
<arg>${username}</arg>
<kw name="Input" library="AppLibrary">
<arg>${input}</arg>
<status status="PASS" starttime="20231120 21:54:42.654" endtime="20231120 21:54:42.654"/>
</kw>
<status status="PASS" starttime="20231120 21:54:42.654" endtime="20231120 21:54:42.654"/>
</kw>
<kw name="Input">
<arg>${password}</arg>
<kw name="Input" library="AppLibrary">
<arg>${input}</arg>
<status status="PASS" starttime="20231120 21:54:42.654" endtime="20231120 21:54:42.655"/>
</kw>
<status status="PASS" starttime="20231120 21:54:42.654" endtime="20231120 21:54:42.655"/>
</kw>
<kw name="Run Application">
<kw name="Run Application" library="AppLibrary">
<status status="PASS" starttime="20231120 21:54:42.655" endtime="20231120 21:54:42.655"/>
</kw>
<status status="PASS" starttime="20231120 21:54:42.655" endtime="20231120 21:54:42.655"/>
</kw>
<status status="PASS" starttime="20231120 21:54:42.654" endtime="20231120 21:54:42.655"/>
</kw>
<kw name="Output Should Contain" library="AppLibrary">
<arg>Invalid password</arg>
<status status="PASS" starttime="20231120 21:54:42.655" endtime="20231120 21:54:42.655"/>
</kw>
<status status="PASS" starttime="20231120 21:54:42.654" endtime="20231120 21:54:42.655"/>
</test>
<status status="PASS" starttime="20231120 21:54:42.648" endtime="20231120 21:54:42.655"/>
</suite>
<status status="PASS" starttime="20231120 21:54:42.636" endtime="20231120 21:54:42.655"/>
</suite>
<statistics>
<total>
<stat pass="9" fail="0" skip="0">All Tests</stat>
</total>
<tag>
</tag>
<suite>
<stat pass="9" fail="0" skip="0" id="s1" name="Tests">Tests</stat>
<stat pass="3" fail="0" skip="0" id="s1-s1" name="Login">Tests.Login</stat>
<stat pass="6" fail="0" skip="0" id="s1-s2" name="Register">Tests.Register</stat>
</suite>
</statistics>
<errors>
</errors>
</robot>
